PASS tests/vehicles.test.js (6.838 s)
  Vehicle routes require authentication
    ✓ rejects requests without a token (667 ms)
    ✓ rejects requests with an invalid token (339 ms)
  POST /api/vehicles
    ✓ allows an authenticated user to add a vehicle (341 ms)
    ✓ rejects a vehicle payload missing required fields (349 ms)
    ✓ rejects a negative price (332 ms)
  GET /api/vehicles
    ✓ returns an empty list initially (330 ms)
    ✓ returns all created vehicles (334 ms)
  GET /api/vehicles/search
    ✓ filters by make (340 ms)
    ✓ filters by category (336 ms)
    ✓ filters by price range (336 ms)
  PUT /api/vehicles/:id
    ✓ updates a vehicle successfully (333 ms)
    ✓ returns 404 for a non-existent vehicle (328 ms)
  DELETE /api/vehicles/:id
    ✓ rejects deletion from a non-admin user (335 ms)
    ✓ allows an admin to delete a vehicle (333 ms)
  POST /api/vehicles/:id/purchase
    ✓ decreases quantity on purchase (332 ms)
    ✓ rejects a purchase that exceeds available stock (336 ms)
  POST /api/vehicles/:id/restock
    ✓ rejects restock from a non-admin user (336 ms)
    ✓ allows an admin to restock a vehicle (331 ms)

PASS tests/auth.test.js
  POST /api/auth/register
    ✓ registers a new customer user and returns 201 (111 ms)
    ✓ registers an admin user when role is explicitly admin (83 ms)
    ✓ rejects registration with missing fields (5 ms)
    ✓ rejects a password shorter than 6 characters (3 ms)
    ✓ rejects duplicate email registration (83 ms)
  POST /api/auth/login
    ✓ logs in with correct credentials and returns a JWT (163 ms)
    ✓ rejects an incorrect password (167 ms)
    ✓ rejects a login for a non-existent user (86 ms)

-----------------------|---------|----------|---------|---------|--------------------
File                   | % Stmts | % Branch | % Funcs | % Lines | Uncovered Line #s  
-----------------------|---------|----------|---------|---------|--------------------
All files              |   91.42 |     81.3 |   89.28 |   92.68 |                    
 src                   |   76.47 |      100 |       0 |   76.47 |                    
  app.js               |   76.47 |      100 |       0 |   76.47 | 22,30,36-37        
 src/controllers       |   89.15 |    83.33 |     100 |   89.15 |                    
  authController.js    |    90.9 |    94.73 |     100 |    90.9 | 39,48,73           
  vehicleController.js |      88 |    78.04 |     100 |      88 | 26,67,73,86,96,110 
 src/db                |     100 |       50 |     100 |     100 |                    
  database.js          |     100 |       50 |     100 |     100 | 15                 
 src/middleware        |     100 |       90 |     100 |     100 |                    
  authMiddleware.js    |     100 |       90 |     100 |     100 | 13                 
 src/models            |    92.3 |    77.14 |     100 |   96.66 |                    
  userModel.js         |     100 |        0 |     100 |     100 | 13                 
  vehicleModel.js      |   91.22 |    79.41 |     100 |   96.15 | 46-47              
 src/routes            |     100 |      100 |     100 |     100 |                    
  authRoutes.js        |     100 |      100 |     100 |     100 |                    
  vehicleRoutes.js     |     100 |      100 |     100 |     100 |                    
-----------------------|---------|----------|---------|---------|--------------------
Test Suites: 2 passed, 2 total
Tests:       26 passed, 26 total
Snapshots:   0 total
Time:        7.757 s, estimated 9 s
Ran all test suites.
